{"D:\\repos\\composite-controller\\src\\controller.ts": {"path":"D:\\repos\\composite-controller\\src\\controller.ts","statementMap":{"0":{"start":{"line":2,"column":0},"end":{"line":2,"column":51}},"1":{"start":{"line":3,"column":0},"end":{"line":3,"column":62}},"2":{"start":{"line":4,"column":0},"end":{"line":4,"column":56}},"3":{"start":{"line":7,"column":24},"end":{"line":7,"column":56}},"4":{"start":{"line":8,"column":4},"end":{"line":8,"column":28}},"5":{"start":{"line":9,"column":4},"end":{"line":9,"column":20}},"6":{"start":{"line":6,"column":0},"end":{"line":6,"column":16}},"7":{"start":{"line":13,"column":23},"end":{"line":13,"column":42}},"8":{"start":{"line":14,"column":4},"end":{"line":14,"column":49}},"9":{"start":{"line":14,"column":30},"end":{"line":14,"column":49}},"10":{"start":{"line":15,"column":4},"end":{"line":15,"column":22}},"11":{"start":{"line":19,"column":4},"end":{"line":24,"column":null}},"12":{"start":{"line":20,"column":8},"end":{"line":23,"column":34}},"13":{"start":{"line":22,"column":16},"end":{"line":22,"column":49}},"14":{"start":{"line":28,"column":18},"end":{"line":28,"column":71}},"15":{"start":{"line":29,"column":4},"end":{"line":31,"column":null}},"16":{"start":{"line":29,"column":16},"end":{"line":29,"column":17}},"17":{"start":{"line":30,"column":8},"end":{"line":30,"column":35}}},"fnMap":{"0":{"name":"Controller","decl":{"start":{"line":6,"column":16},"end":{"line":6,"column":26}},"loc":{"start":{"line":6,"column":43},"end":{"line":10,"column":1}}},"1":{"name":"convertEndpointToArray","decl":{"start":{"line":12,"column":9},"end":{"line":12,"column":31}},"loc":{"start":{"line":12,"column":48},"end":{"line":16,"column":1}}},"2":{"name":"createNode","decl":{"start":{"line":18,"column":9},"end":{"line":18,"column":19}},"loc":{"start":{"line":18,"column":35},"end":{"line":25,"column":1}}},"3":{"name":"(anonymous_3)","decl":{"start":{"line":21,"column":28},"end":{"line":21,"column":null}},"loc":{"start":{"line":21,"column":28},"end":{"line":23,"column":13}}},"4":{"name":"addChildNodes","decl":{"start":{"line":27,"column":9},"end":{"line":27,"column":22}},"loc":{"start":{"line":27,"column":22},"end":{"line":32,"column":1}}}},"branchMap":{"0":{"loc":{"start":{"line":14,"column":4},"end":{"line":14,"column":49}},"type":"if","locations":[{"start":{"line":14,"column":4},"end":{"line":14,"column":49}}]}},"s":{"0":1,"1":1,"2":1,"3":2,"4":2,"5":2,"6":1,"7":2,"8":2,"9":2,"10":2,"11":2,"12":6,"13":6,"14":2,"15":2,"16":2,"17":4},"f":{"0":2,"1":2,"2":2,"3":6,"4":2},"b":{"0":[2]}}
,"D:\\repos\\composite-controller\\src\\injector\\injector-types.ts": {"path":"D:\\repos\\composite-controller\\src\\injector\\injector-types.ts","statementMap":{"0":{"start":{"line":1,"column":13},"end":{"line":3,"column":null}}},"fnMap":{},"branchMap":{},"s":{"0":1},"f":{},"b":{}}
,"D:\\repos\\composite-controller\\src\\injector\\injector.ts": {"path":"D:\\repos\\composite-controller\\src\\injector\\injector.ts","statementMap":{"0":{"start":{"line":1,"column":0},"end":{"line":1,"column":26}},"1":{"start":{"line":2,"column":0},"end":{"line":2,"column":38}},"2":{"start":{"line":10,"column":13},"end":{"line":10,"column":41}}},"fnMap":{},"branchMap":{},"s":{"0":1,"1":1,"2":1},"f":{},"b":{}}
}
