{"D:\\repos\\composite-controller\\src\\controller.ts": {"path":"D:\\repos\\composite-controller\\src\\controller.ts","statementMap":{"0":{"start":{"line":2,"column":0},"end":{"line":2,"column":51}},"1":{"start":{"line":3,"column":0},"end":{"line":3,"column":62}},"2":{"start":{"line":4,"column":0},"end":{"line":4,"column":56}},"3":{"start":{"line":7,"column":24},"end":{"line":7,"column":56}},"4":{"start":{"line":8,"column":25},"end":{"line":10,"column":12}},"5":{"start":{"line":11,"column":35},"end":{"line":13,"column":12}},"6":{"start":{"line":12,"column":51},"end":{"line":12,"column":63}},"7":{"start":{"line":14,"column":4},"end":{"line":19,"column":null}},"8":{"start":{"line":15,"column":8},"end":{"line":18,"column":null}},"9":{"start":{"line":15,"column":21},"end":{"line":15,"column":22}},"10":{"start":{"line":16,"column":12},"end":{"line":16,"column":63}},"11":{"start":{"line":16,"column":57},"end":{"line":16,"column":63}},"12":{"start":{"line":17,"column":12},"end":{"line":17,"column":32}},"13":{"start":{"line":20,"column":4},"end":{"line":20,"column":28}},"14":{"start":{"line":21,"column":4},"end":{"line":21,"column":20}},"15":{"start":{"line":6,"column":0},"end":{"line":6,"column":16}},"16":{"start":{"line":25,"column":23},"end":{"line":25,"column":42}},"17":{"start":{"line":26,"column":4},"end":{"line":26,"column":49}},"18":{"start":{"line":26,"column":30},"end":{"line":26,"column":49}},"19":{"start":{"line":27,"column":4},"end":{"line":27,"column":22}},"20":{"start":{"line":31,"column":4},"end":{"line":36,"column":null}},"21":{"start":{"line":32,"column":8},"end":{"line":35,"column":34}},"22":{"start":{"line":34,"column":16},"end":{"line":34,"column":49}},"23":{"start":{"line":40,"column":18},"end":{"line":40,"column":71}},"24":{"start":{"line":41,"column":4},"end":{"line":43,"column":null}},"25":{"start":{"line":41,"column":17},"end":{"line":41,"column":18}},"26":{"start":{"line":42,"column":8},"end":{"line":42,"column":35}}},"fnMap":{"0":{"name":"Controller","decl":{"start":{"line":6,"column":16},"end":{"line":6,"column":26}},"loc":{"start":{"line":6,"column":43},"end":{"line":22,"column":1}}},"1":{"name":"(anonymous_1)","decl":{"start":{"line":12,"column":27},"end":{"line":12,"column":28}},"loc":{"start":{"line":12,"column":51},"end":{"line":12,"column":63}}},"2":{"name":"convertEndpointToArray","decl":{"start":{"line":24,"column":9},"end":{"line":24,"column":31}},"loc":{"start":{"line":24,"column":48},"end":{"line":28,"column":1}}},"3":{"name":"createNode","decl":{"start":{"line":30,"column":9},"end":{"line":30,"column":19}},"loc":{"start":{"line":30,"column":35},"end":{"line":37,"column":1}}},"4":{"name":"(anonymous_4)","decl":{"start":{"line":33,"column":28},"end":{"line":33,"column":null}},"loc":{"start":{"line":33,"column":28},"end":{"line":35,"column":13}}},"5":{"name":"addChildNodes","decl":{"start":{"line":39,"column":9},"end":{"line":39,"column":22}},"loc":{"start":{"line":39,"column":22},"end":{"line":44,"column":1}}}},"branchMap":{"0":{"loc":{"start":{"line":8,"column":25},"end":{"line":10,"column":12}},"type":"cond-expr","locations":[{"start":{"line":9,"column":10},"end":{"line":9,"column":63}},{"start":{"line":10,"column":10},"end":{"line":10,"column":12}}]},"1":{"loc":{"start":{"line":11,"column":35},"end":{"line":13,"column":12}},"type":"cond-expr","locations":[{"start":{"line":12,"column":10},"end":{"line":12,"column":64}},{"start":{"line":13,"column":10},"end":{"line":13,"column":12}}]},"2":{"loc":{"start":{"line":14,"column":4},"end":{"line":19,"column":null}},"type":"if","locations":[{"start":{"line":14,"column":4},"end":{"line":19,"column":null}}]},"3":{"loc":{"start":{"line":16,"column":12},"end":{"line":16,"column":63}},"type":"if","locations":[{"start":{"line":16,"column":12},"end":{"line":16,"column":63}}]},"4":{"loc":{"start":{"line":26,"column":4},"end":{"line":26,"column":49}},"type":"if","locations":[{"start":{"line":26,"column":4},"end":{"line":26,"column":49}}]}},"s":{"0":1,"1":1,"2":1,"3":1,"4":1,"5":1,"6":2,"7":1,"8":1,"9":1,"10":2,"11":0,"12":2,"13":1,"14":1,"15":1,"16":1,"17":1,"18":1,"19":1,"20":1,"21":1,"22":1,"23":1,"24":1,"25":1,"26":2},"f":{"0":1,"1":2,"2":1,"3":1,"4":1,"5":1},"b":{"0":[1,0],"1":[1,0],"2":[1],"3":[0],"4":[1]}}
,"D:\\repos\\composite-controller\\src\\injector\\injector-types.ts": {"path":"D:\\repos\\composite-controller\\src\\injector\\injector-types.ts","statementMap":{"0":{"start":{"line":1,"column":13},"end":{"line":3,"column":null}}},"fnMap":{},"branchMap":{},"s":{"0":1},"f":{},"b":{}}
,"D:\\repos\\composite-controller\\src\\injector\\injector.ts": {"path":"D:\\repos\\composite-controller\\src\\injector\\injector.ts","statementMap":{"0":{"start":{"line":1,"column":0},"end":{"line":1,"column":26}},"1":{"start":{"line":2,"column":0},"end":{"line":2,"column":38}},"2":{"start":{"line":10,"column":13},"end":{"line":10,"column":41}}},"fnMap":{},"branchMap":{},"s":{"0":1,"1":1,"2":1},"f":{},"b":{}}
}
