TN:
SF:src\controller.ts
FN:6,Controller
FN:12,convertEndpointToArray
FN:18,createNode
FN:21,(anonymous_3)
FN:27,addChildNodes
FNF:5
FNH:5
FNDA:2,Controller
FNDA:2,convertEndpointToArray
FNDA:2,createNode
FNDA:6,(anonymous_3)
FNDA:2,addChildNodes
DA:2,1
DA:3,1
DA:4,1
DA:6,1
DA:7,2
DA:8,2
DA:9,2
DA:13,2
DA:14,2
DA:15,2
DA:19,2
DA:20,6
DA:22,6
DA:28,2
DA:29,2
DA:30,4
LF:16
LH:16
BRDA:14,0,0,2
BRF:1
BRH:1
end_of_record
TN:
SF:src\injector\injector-types.ts
FNF:0
FNH:0
DA:1,1
LF:1
LH:1
BRF:0
BRH:0
end_of_record
TN:
SF:src\injector\injector.ts
FNF:0
FNH:0
DA:1,1
DA:2,1
DA:10,1
LF:3
LH:3
BRF:0
BRH:0
end_of_record
