TN:
SF:src\controller.ts
FN:6,Controller
FN:12,(anonymous_1)
FN:24,convertEndpointToArray
FN:30,createNode
FN:33,(anonymous_4)
FN:39,addChildNodes
FNF:6
FNH:6
FNDA:1,Controller
FNDA:2,(anonymous_1)
FNDA:1,convertEndpointToArray
FNDA:1,createNode
FNDA:1,(anonymous_4)
FNDA:1,addChildNodes
DA:2,1
DA:3,1
DA:4,1
DA:6,1
DA:7,1
DA:8,1
DA:11,1
DA:12,2
DA:14,1
DA:15,1
DA:16,2
DA:17,2
DA:20,1
DA:21,1
DA:25,1
DA:26,1
DA:27,1
DA:31,1
DA:32,1
DA:34,1
DA:40,1
DA:41,1
DA:42,2
LF:23
LH:23
BRDA:8,0,0,1
BRDA:8,0,1,0
BRDA:11,1,0,1
BRDA:11,1,1,0
BRDA:14,2,0,1
BRDA:16,3,0,0
BRDA:26,4,0,1
BRF:7
BRH:4
end_of_record
TN:
SF:src\injector\injector-types.ts
FNF:0
FNH:0
DA:1,1
LF:1
LH:1
BRF:0
BRH:0
end_of_record
TN:
SF:src\injector\injector.ts
FNF:0
FNH:0
DA:1,1
DA:2,1
DA:10,1
LF:3
LH:3
BRF:0
BRH:0
end_of_record
